2021-03-11 18:43:35 [CLIENT] [INFO] Setting user: Jarvis
2021-03-11 18:43:36 [CLIENT] [INFO] LWJGL Version: 2.9.0
2021-03-11 18:48:30 [CLIENT] [INFO] Setting user: Jarvis
2021-03-11 18:48:30 [CLIENT] [INFO] LWJGL Version: 2.9.0
2021-03-11 18:48:43 [CLIENT] [INFO] Found animation info for: textures/blocks/lava_flow.txt
2021-03-11 18:48:43 [CLIENT] [INFO] Found animation info for: textures/blocks/fire_0.txt
2021-03-11 18:48:43 [CLIENT] [INFO] Found animation info for: textures/blocks/fire_1.txt
2021-03-11 18:48:43 [CLIENT] [INFO] Found animation info for: textures/blocks/lava.txt
2021-03-11 18:48:43 [CLIENT] [INFO] Found animation info for: textures/blocks/portal.txt
2021-03-11 18:48:43 [CLIENT] [INFO] Found animation info for: textures/blocks/water_flow.txt
2021-03-11 18:48:43 [CLIENT] [INFO] Found animation info for: textures/blocks/water.txt
2021-03-11 18:48:50 [CLIENT] [INFO] Found animation info for: textures/items/clock.txt
2021-03-11 18:48:50 [CLIENT] [INFO] Found animation info for: textures/items/compass.txt
2023-09-02 02:18:00 [CLIENT] [INFO] Setting user: XBox
2023-09-02 02:18:00 [CLIENT] [INFO] LWJGL Version: 2.9.0
2023-09-02 02:18:14 [CLIENT] [INFO] Found animation info for: textures/blocks/lava_flow.txt
2023-09-02 02:18:14 [CLIENT] [INFO] Found animation info for: textures/blocks/fire_0.txt
2023-09-02 02:18:14 [CLIENT] [INFO] Found animation info for: textures/blocks/fire_1.txt
2023-09-02 02:18:14 [CLIENT] [INFO] Found animation info for: textures/blocks/lava.txt
2023-09-02 02:18:14 [CLIENT] [INFO] Found animation info for: textures/blocks/portal.txt
2023-09-02 02:18:14 [CLIENT] [INFO] Found animation info for: textures/blocks/water_flow.txt
2023-09-02 02:18:14 [CLIENT] [INFO] Found animation info for: textures/blocks/water.txt
2023-09-02 02:18:16 [CLIENT] [INFO] Found animation info for: textures/items/clock.txt
2023-09-02 02:18:16 [CLIENT] [INFO] Found animation info for: textures/items/compass.txt
2023-09-02 02:18:26 [CLIENT] [INFO] Stopping!
2024-04-13 14:17:27 [CLIENT] [INFO] Setting user: XBox
2024-04-13 14:17:27 [CLIENT] [INFO] LWJGL Version: 2.9.0
2024-04-13 14:17:33 [CLIENT] [INFO] Found animation info for: textures/blocks/lava_flow.txt
2024-04-13 14:17:33 [CLIENT] [INFO] Found animation info for: textures/blocks/fire_0.txt
2024-04-13 14:17:33 [CLIENT] [INFO] Found animation info for: textures/blocks/fire_1.txt
2024-04-13 14:17:33 [CLIENT] [INFO] Found animation info for: textures/blocks/lava.txt
2024-04-13 14:17:33 [CLIENT] [INFO] Found animation info for: textures/blocks/portal.txt
2024-04-13 14:17:33 [CLIENT] [INFO] Found animation info for: textures/blocks/water_flow.txt
2024-04-13 14:17:33 [CLIENT] [INFO] Found animation info for: textures/blocks/water.txt
2024-04-13 14:17:33 [CLIENT] [INFO] Found animation info for: textures/items/clock.txt
2024-04-13 14:17:33 [CLIENT] [INFO] Found animation info for: textures/items/compass.txt
2024-04-13 14:17:45 [CLIENT] [INFO] Stopping!
2024-04-13 14:57:41 [CLIENT] [INFO] Setting user: XBox
2024-04-13 14:57:41 [CLIENT] [INFO] LWJGL Version: 2.9.0
2024-04-13 14:57:47 [CLIENT] [INFO] Found animation info for: textures/blocks/lava_flow.txt
2024-04-13 14:57:47 [CLIENT] [INFO] Found animation info for: textures/blocks/fire_0.txt
2024-04-13 14:57:47 [CLIENT] [INFO] Found animation info for: textures/blocks/fire_1.txt
2024-04-13 14:57:47 [CLIENT] [INFO] Found animation info for: textures/blocks/lava.txt
2024-04-13 14:57:47 [CLIENT] [INFO] Found animation info for: textures/blocks/portal.txt
2024-04-13 14:57:47 [CLIENT] [INFO] Found animation info for: textures/blocks/water_flow.txt
2024-04-13 14:57:47 [CLIENT] [INFO] Found animation info for: textures/blocks/water.txt
2024-04-13 14:57:48 [CLIENT] [INFO] Found animation info for: textures/items/clock.txt
2024-04-13 14:57:48 [CLIENT] [INFO] Found animation info for: textures/items/compass.txt
2024-04-13 19:03:07 [CLIENT] [INFO] Setting user: XBox
2024-04-13 19:03:08 [CLIENT] [INFO] LWJGL Version: 2.9.0
2024-04-13 19:03:14 [CLIENT] [INFO] Found animation info for: textures/blocks/lava_flow.txt
2024-04-13 19:03:14 [CLIENT] [INFO] Found animation info for: textures/blocks/fire_0.txt
2024-04-13 19:03:14 [CLIENT] [INFO] Found animation info for: textures/blocks/fire_1.txt
2024-04-13 19:03:14 [CLIENT] [INFO] Found animation info for: textures/blocks/lava.txt
2024-04-13 19:03:14 [CLIENT] [INFO] Found animation info for: textures/blocks/portal.txt
2024-04-13 19:03:14 [CLIENT] [INFO] Found animation info for: textures/blocks/water_flow.txt
2024-04-13 19:03:14 [CLIENT] [INFO] Found animation info for: textures/blocks/water.txt
2024-04-13 19:03:15 [CLIENT] [INFO] Found animation info for: textures/items/clock.txt
2024-04-13 19:03:15 [CLIENT] [INFO] Found animation info for: textures/items/compass.txt
2024-04-13 19:03:20 [CLIENT] [INFO] Stopping!
2024-04-13 19:05:33 [CLIENT] [INFO] Setting user: XBox
2024-04-13 19:05:33 [CLIENT] [INFO] LWJGL Version: 2.9.0
2024-04-13 19:05:38 [CLIENT] [INFO] Found animation info for: textures/blocks/lava_flow.txt
2024-04-13 19:05:38 [CLIENT] [INFO] Found animation info for: textures/blocks/fire_0.txt
2024-04-13 19:05:38 [CLIENT] [INFO] Found animation info for: textures/blocks/fire_1.txt
2024-04-13 19:05:38 [CLIENT] [INFO] Found animation info for: textures/blocks/lava.txt
2024-04-13 19:05:38 [CLIENT] [INFO] Found animation info for: textures/blocks/portal.txt
2024-04-13 19:05:38 [CLIENT] [INFO] Found animation info for: textures/blocks/water_flow.txt
2024-04-13 19:05:38 [CLIENT] [INFO] Found animation info for: textures/blocks/water.txt
2024-04-13 19:05:39 [CLIENT] [INFO] Found animation info for: textures/items/clock.txt
2024-04-13 19:05:39 [CLIENT] [INFO] Found animation info for: textures/items/compass.txt
2024-04-13 19:05:42 [CLIENT] [INFO] Stopping!
2024-04-13 19:21:17 [CLIENT] [INFO] Setting user: XBox
2024-04-13 19:21:17 [CLIENT] [INFO] LWJGL Version: 2.9.0
2024-04-13 19:21:23 [CLIENT] [INFO] Found animation info for: textures/blocks/lava_flow.txt
2024-04-13 19:21:23 [CLIENT] [INFO] Found animation info for: textures/blocks/fire_0.txt
2024-04-13 19:21:23 [CLIENT] [INFO] Found animation info for: textures/blocks/fire_1.txt
2024-04-13 19:21:23 [CLIENT] [INFO] Found animation info for: textures/blocks/lava.txt
2024-04-13 19:21:23 [CLIENT] [INFO] Found animation info for: textures/blocks/portal.txt
2024-04-13 19:21:23 [CLIENT] [INFO] Found animation info for: textures/blocks/water.txt
2024-04-13 19:21:23 [CLIENT] [INFO] Found animation info for: textures/blocks/water_flow.txt
2024-04-13 19:21:23 [CLIENT] [INFO] Found animation info for: textures/items/clock.txt
2024-04-13 19:21:23 [CLIENT] [INFO] Found animation info for: textures/items/compass.txt
2024-04-13 20:41:41 [CLIENT] [INFO] Setting user: fdfds
2024-04-13 20:41:41 [CLIENT] [INFO] LWJGL Version: 2.9.0
2024-04-13 20:41:47 [CLIENT] [INFO] Found animation info for: textures/blocks/lava_flow.txt
2024-04-13 20:41:47 [CLIENT] [INFO] Found animation info for: textures/blocks/fire_0.txt
2024-04-13 20:41:47 [CLIENT] [INFO] Found animation info for: textures/blocks/fire_1.txt
2024-04-13 20:41:47 [CLIENT] [INFO] Found animation info for: textures/blocks/lava.txt
2024-04-13 20:41:47 [CLIENT] [INFO] Found animation info for: textures/blocks/portal.txt
2024-04-13 20:41:47 [CLIENT] [INFO] Found animation info for: textures/blocks/water.txt
2024-04-13 20:41:47 [CLIENT] [INFO] Found animation info for: textures/blocks/water_flow.txt
2024-04-13 20:41:48 [CLIENT] [INFO] Found animation info for: textures/items/clock.txt
2024-04-13 20:41:48 [CLIENT] [INFO] Found animation info for: textures/items/compass.txt
2024-04-13 20:42:27 [CLIENT] [INFO] Stopping!
